2021-03-29 16:52:59,347 INFO org.springframework.boot.StartupInfoLogger [restartedMain] Starting AnimalClinicApplication on CatmanDell with PID 11792 (C:\Users\Pushkar\git\pet-clinic\animal-clinic\animal-clinic-web\target\classes started by Pushkar in C:\Users\Pushkar\git\pet-clinic\animal-clinic\animal-clinic-web)
2021-03-29 16:52:59,347 INFO org.springframework.boot.SpringApplication [restartedMain] The following profiles are active: springdatajpa
2021-03-29 16:53:00,694 INFO org.springframework.data.repository.config.RepositoryConfigurationDelegate [restartedMain] Bootstrapping Spring Data JPA repositories in DEFAULT mode.
2021-03-29 16:53:00,779 INFO org.springframework.data.repository.config.RepositoryConfigurationDelegate [restartedMain] Finished Spring Data repository scanning in 85ms. Found 7 JPA repository interfaces.
2021-03-29 16:53:01,100 INFO org.springframework.boot.web.embedded.tomcat.TomcatWebServer [restartedMain] Tomcat initialized with port(s): 8080 (http)
2021-03-29 16:53:01,102 INFO org.apache.juli.logging.DirectJDKLog [restartedMain] Initializing ProtocolHandler ["http-nio-8080"]
2021-03-29 16:53:01,103 INFO org.apache.juli.logging.DirectJDKLog [restartedMain] Starting service [Tomcat]
2021-03-29 16:53:01,103 INFO org.apache.juli.logging.DirectJDKLog [restartedMain] Starting Servlet engine: [Apache Tomcat/9.0.38]
2021-03-29 16:53:01,128 INFO org.apache.juli.logging.DirectJDKLog [restartedMain] Initializing Spring embedded WebApplicationContext
2021-03-29 16:53:01,128 INFO org.springframework.boot.web.servlet.context.ServletWebServerApplicationContext [restartedMain] Root WebApplicationContext: initialization completed in 1767 ms
2021-03-29 16:53:01,406 INFO com.zaxxer.hikari.HikariDataSource [restartedMain] HikariPool-2 - Starting...
2021-03-29 16:53:01,410 INFO com.zaxxer.hikari.HikariDataSource [restartedMain] HikariPool-2 - Start completed.
2021-03-29 16:53:01,440 INFO org.hibernate.jpa.internal.util.LogHelper [restartedMain] HHH000204: Processing PersistenceUnitInfo [
	name: default
	...]
2021-03-29 16:53:01,466 INFO org.hibernate.dialect.Dialect [restartedMain] HHH000400: Using dialect: org.hibernate.dialect.H2Dialect
2021-03-29 16:53:01,668 INFO org.hibernate.tool.schema.internal.SchemaCreatorImpl [restartedMain] HHH000476: Executing import script 'org.hibernate.tool.schema.internal.exec.ScriptSourceInputNonExistentImpl@5b2bb266'
2021-03-29 16:53:01,668 INFO org.springframework.orm.jpa.AbstractEntityManagerFactoryBean [restartedMain] Initialized JPA EntityManagerFactory for persistence unit 'default'
2021-03-29 16:53:01,777 INFO org.springframework.boot.devtools.autoconfigure.OptionalLiveReloadServer [restartedMain] LiveReload server is running on port 35729
2021-03-29 16:53:02,138 WARN org.springframework.boot.autoconfigure.orm.jpa.JpaBaseConfiguration$JpaWebConfiguration$JpaWebMvcConfiguration [restartedMain] spring.jpa.open-in-view is enabled by default. Therefore, database queries may be performed during view rendering. Explicitly configure spring.jpa.open-in-view to disable this warning
2021-03-29 16:53:02,195 INFO org.springframework.boot.actuate.endpoint.web.EndpointLinksResolver [restartedMain] Exposing 2 endpoint(s) beneath base path '/actuator'
2021-03-29 16:53:02,239 INFO springfox.documentation.spring.web.PropertySourcedRequestMappingHandlerMapping [restartedMain] Mapped URL path [/v2/api-docs] onto method [public org.springframework.http.ResponseEntity<springfox.documentation.spring.web.json.Json> springfox.documentation.swagger2.web.Swagger2Controller.getDocumentation(java.lang.String,javax.servlet.http.HttpServletRequest)]
2021-03-29 16:53:02,279 INFO org.springframework.security.web.DefaultSecurityFilterChain [restartedMain] Creating filter chain: Ant [pattern='/animalclinic/api/**'], [org.springframework.security.web.context.request.async.WebAsyncManagerIntegrationFilter@223392bc, org.springframework.security.web.context.SecurityContextPersistenceFilter@7019cb83, org.springframework.security.web.header.HeaderWriterFilter@f5d290e, org.springframework.security.web.authentication.logout.LogoutFilter@1d05735c, com.spring5app.animalclinic.security.filter.JWTRequestFilter@31db9046, org.springframework.security.web.savedrequest.RequestCacheAwareFilter@2ac97fa1, org.springframework.security.web.servletapi.SecurityContextHolderAwareRequestFilter@4cba26af, org.springframework.security.web.authentication.AnonymousAuthenticationFilter@365b1abb, org.springframework.security.web.session.SessionManagementFilter@157892c6, org.springframework.security.web.access.ExceptionTranslationFilter@2bce3891, org.springframework.security.web.access.intercept.FilterSecurityInterceptor@3d0fbf81]
2021-03-29 16:53:02,282 INFO org.springframework.security.web.DefaultSecurityFilterChain [restartedMain] Creating filter chain: any request, [org.springframework.security.web.context.request.async.WebAsyncManagerIntegrationFilter@a988a28, org.springframework.security.web.context.SecurityContextPersistenceFilter@3a1b1a1c, org.springframework.security.web.header.HeaderWriterFilter@61daae8, org.springframework.security.web.authentication.logout.LogoutFilter@576f808e, org.springframework.security.web.authentication.UsernamePasswordAuthenticationFilter@4d885572, org.springframework.security.web.savedrequest.RequestCacheAwareFilter@3f5e0d58, org.springframework.security.web.servletapi.SecurityContextHolderAwareRequestFilter@54ffbab1, org.springframework.security.web.authentication.AnonymousAuthenticationFilter@74394deb, org.springframework.security.web.session.SessionManagementFilter@7acf3b83, org.springframework.security.web.access.ExceptionTranslationFilter@16827847, org.springframework.security.web.access.intercept.FilterSecurityInterceptor@1f122e79]
2021-03-29 16:53:02,323 INFO org.springframework.scheduling.concurrent.ExecutorConfigurationSupport [restartedMain] Initializing ExecutorService 'applicationTaskExecutor'
2021-03-29 16:53:02,334 INFO org.springframework.boot.autoconfigure.web.servlet.WelcomePageHandlerMapping [restartedMain] Adding welcome page template: index
2021-03-29 16:53:02,507 INFO springfox.documentation.spring.web.plugins.DocumentationPluginsBootstrapper [restartedMain] Context refreshed
2021-03-29 16:53:02,511 INFO springfox.documentation.spring.web.plugins.DocumentationPluginsBootstrapper [restartedMain] Found 1 custom documentation plugin(s)
2021-03-29 16:53:02,528 INFO springfox.documentation.spring.web.scanners.ApiListingReferenceScanner [restartedMain] Scanning for api listing references
2021-03-29 16:53:02,572 INFO springfox.documentation.spring.web.readers.operation.CachingOperationNameGenerator [restartedMain] Generating unique operation named: indexUsingGET_1
2021-03-29 16:53:02,572 INFO springfox.documentation.spring.web.readers.operation.CachingOperationNameGenerator [restartedMain] Generating unique operation named: indexUsingHEAD_1
2021-03-29 16:53:02,573 INFO springfox.documentation.spring.web.readers.operation.CachingOperationNameGenerator [restartedMain] Generating unique operation named: indexUsingPOST_1
2021-03-29 16:53:02,574 INFO springfox.documentation.spring.web.readers.operation.CachingOperationNameGenerator [restartedMain] Generating unique operation named: indexUsingPUT_1
2021-03-29 16:53:02,574 INFO springfox.documentation.spring.web.readers.operation.CachingOperationNameGenerator [restartedMain] Generating unique operation named: indexUsingPATCH_1
2021-03-29 16:53:02,575 INFO springfox.documentation.spring.web.readers.operation.CachingOperationNameGenerator [restartedMain] Generating unique operation named: indexUsingDELETE_1
2021-03-29 16:53:02,577 INFO springfox.documentation.spring.web.readers.operation.CachingOperationNameGenerator [restartedMain] Generating unique operation named: indexUsingOPTIONS_1
2021-03-29 16:53:02,577 INFO springfox.documentation.spring.web.readers.operation.CachingOperationNameGenerator [restartedMain] Generating unique operation named: indexUsingTRACE_1
2021-03-29 16:53:02,578 INFO springfox.documentation.spring.web.readers.operation.CachingOperationNameGenerator [restartedMain] Generating unique operation named: indexUsingGET_2
2021-03-29 16:53:02,579 INFO springfox.documentation.spring.web.readers.operation.CachingOperationNameGenerator [restartedMain] Generating unique operation named: indexUsingHEAD_2
2021-03-29 16:53:02,579 INFO springfox.documentation.spring.web.readers.operation.CachingOperationNameGenerator [restartedMain] Generating unique operation named: indexUsingPOST_2
2021-03-29 16:53:02,580 INFO springfox.documentation.spring.web.readers.operation.CachingOperationNameGenerator [restartedMain] Generating unique operation named: indexUsingPUT_2
2021-03-29 16:53:02,580 INFO springfox.documentation.spring.web.readers.operation.CachingOperationNameGenerator [restartedMain] Generating unique operation named: indexUsingPATCH_2
2021-03-29 16:53:02,580 INFO springfox.documentation.spring.web.readers.operation.CachingOperationNameGenerator [restartedMain] Generating unique operation named: indexUsingDELETE_2
2021-03-29 16:53:02,581 INFO springfox.documentation.spring.web.readers.operation.CachingOperationNameGenerator [restartedMain] Generating unique operation named: indexUsingOPTIONS_2
2021-03-29 16:53:02,581 INFO springfox.documentation.spring.web.readers.operation.CachingOperationNameGenerator [restartedMain] Generating unique operation named: indexUsingTRACE_2
2021-03-29 16:53:02,582 INFO springfox.documentation.spring.web.readers.operation.CachingOperationNameGenerator [restartedMain] Generating unique operation named: indexUsingGET_3
2021-03-29 16:53:02,582 INFO springfox.documentation.spring.web.readers.operation.CachingOperationNameGenerator [restartedMain] Generating unique operation named: indexUsingHEAD_3
2021-03-29 16:53:02,583 INFO springfox.documentation.spring.web.readers.operation.CachingOperationNameGenerator [restartedMain] Generating unique operation named: indexUsingPOST_3
2021-03-29 16:53:02,584 INFO springfox.documentation.spring.web.readers.operation.CachingOperationNameGenerator [restartedMain] Generating unique operation named: indexUsingPUT_3
2021-03-29 16:53:02,584 INFO springfox.documentation.spring.web.readers.operation.CachingOperationNameGenerator [restartedMain] Generating unique operation named: indexUsingPATCH_3
2021-03-29 16:53:02,585 INFO springfox.documentation.spring.web.readers.operation.CachingOperationNameGenerator [restartedMain] Generating unique operation named: indexUsingDELETE_3
2021-03-29 16:53:02,586 INFO springfox.documentation.spring.web.readers.operation.CachingOperationNameGenerator [restartedMain] Generating unique operation named: indexUsingOPTIONS_3
2021-03-29 16:53:02,586 INFO springfox.documentation.spring.web.readers.operation.CachingOperationNameGenerator [restartedMain] Generating unique operation named: indexUsingTRACE_3
2021-03-29 16:53:02,591 INFO springfox.documentation.spring.web.readers.operation.CachingOperationNameGenerator [restartedMain] Generating unique operation named: handleUsingGET_1
2021-03-29 16:53:02,594 INFO springfox.documentation.spring.web.readers.operation.CachingOperationNameGenerator [restartedMain] Generating unique operation named: handleUsingGET_2
2021-03-29 16:53:02,596 INFO springfox.documentation.spring.web.readers.operation.CachingOperationNameGenerator [restartedMain] Generating unique operation named: handleUsingGET_3
2021-03-29 16:53:02,600 INFO springfox.documentation.spring.web.readers.operation.CachingOperationNameGenerator [restartedMain] Generating unique operation named: findOwnersUsingGET_1
2021-03-29 16:53:02,602 INFO springfox.documentation.spring.web.readers.operation.CachingOperationNameGenerator [restartedMain] Generating unique operation named: findOwnersUsingHEAD_1
2021-03-29 16:53:02,603 INFO springfox.documentation.spring.web.readers.operation.CachingOperationNameGenerator [restartedMain] Generating unique operation named: findOwnersUsingPOST_1
2021-03-29 16:53:02,604 INFO springfox.documentation.spring.web.readers.operation.CachingOperationNameGenerator [restartedMain] Generating unique operation named: findOwnersUsingPUT_1
2021-03-29 16:53:02,605 INFO springfox.documentation.spring.web.readers.operation.CachingOperationNameGenerator [restartedMain] Generating unique operation named: findOwnersUsingPATCH_1
2021-03-29 16:53:02,607 INFO springfox.documentation.spring.web.readers.operation.CachingOperationNameGenerator [restartedMain] Generating unique operation named: findOwnersUsingDELETE_1
2021-03-29 16:53:02,607 INFO springfox.documentation.spring.web.readers.operation.CachingOperationNameGenerator [restartedMain] Generating unique operation named: findOwnersUsingOPTIONS_1
2021-03-29 16:53:02,609 INFO springfox.documentation.spring.web.readers.operation.CachingOperationNameGenerator [restartedMain] Generating unique operation named: findOwnersUsingTRACE_1
2021-03-29 16:53:02,619 INFO springfox.documentation.spring.web.readers.operation.CachingOperationNameGenerator [restartedMain] Generating unique operation named: listOwnersUsingGET_1
2021-03-29 16:53:02,621 INFO springfox.documentation.spring.web.readers.operation.CachingOperationNameGenerator [restartedMain] Generating unique operation named: listOwnersUsingHEAD_1
2021-03-29 16:53:02,622 INFO springfox.documentation.spring.web.readers.operation.CachingOperationNameGenerator [restartedMain] Generating unique operation named: listOwnersUsingPOST_1
2021-03-29 16:53:02,624 INFO springfox.documentation.spring.web.readers.operation.CachingOperationNameGenerator [restartedMain] Generating unique operation named: listOwnersUsingPUT_1
2021-03-29 16:53:02,625 INFO springfox.documentation.spring.web.readers.operation.CachingOperationNameGenerator [restartedMain] Generating unique operation named: listOwnersUsingPATCH_1
2021-03-29 16:53:02,626 INFO springfox.documentation.spring.web.readers.operation.CachingOperationNameGenerator [restartedMain] Generating unique operation named: listOwnersUsingDELETE_1
2021-03-29 16:53:02,628 INFO springfox.documentation.spring.web.readers.operation.CachingOperationNameGenerator [restartedMain] Generating unique operation named: listOwnersUsingOPTIONS_1
2021-03-29 16:53:02,630 INFO springfox.documentation.spring.web.readers.operation.CachingOperationNameGenerator [restartedMain] Generating unique operation named: listOwnersUsingTRACE_1
2021-03-29 16:53:02,631 INFO springfox.documentation.spring.web.readers.operation.CachingOperationNameGenerator [restartedMain] Generating unique operation named: listOwnersUsingGET_2
2021-03-29 16:53:02,632 INFO springfox.documentation.spring.web.readers.operation.CachingOperationNameGenerator [restartedMain] Generating unique operation named: listOwnersUsingHEAD_2
2021-03-29 16:53:02,633 INFO springfox.documentation.spring.web.readers.operation.CachingOperationNameGenerator [restartedMain] Generating unique operation named: listOwnersUsingPOST_2
2021-03-29 16:53:02,634 INFO springfox.documentation.spring.web.readers.operation.CachingOperationNameGenerator [restartedMain] Generating unique operation named: listOwnersUsingPUT_2
2021-03-29 16:53:02,635 INFO springfox.documentation.spring.web.readers.operation.CachingOperationNameGenerator [restartedMain] Generating unique operation named: listOwnersUsingPATCH_2
2021-03-29 16:53:02,636 INFO springfox.documentation.spring.web.readers.operation.CachingOperationNameGenerator [restartedMain] Generating unique operation named: listOwnersUsingDELETE_2
2021-03-29 16:53:02,637 INFO springfox.documentation.spring.web.readers.operation.CachingOperationNameGenerator [restartedMain] Generating unique operation named: listOwnersUsingOPTIONS_2
2021-03-29 16:53:02,639 INFO springfox.documentation.spring.web.readers.operation.CachingOperationNameGenerator [restartedMain] Generating unique operation named: listOwnersUsingTRACE_2
2021-03-29 16:53:02,712 INFO springfox.documentation.spring.web.readers.operation.CachingOperationNameGenerator [restartedMain] Generating unique operation named: initCreationFormUsingGET_1
2021-03-29 16:53:02,748 INFO springfox.documentation.spring.web.readers.operation.CachingOperationNameGenerator [restartedMain] Generating unique operation named: listVetsUsingGET_1
2021-03-29 16:53:02,749 INFO springfox.documentation.spring.web.readers.operation.CachingOperationNameGenerator [restartedMain] Generating unique operation named: listVetsUsingHEAD_1
2021-03-29 16:53:02,750 INFO springfox.documentation.spring.web.readers.operation.CachingOperationNameGenerator [restartedMain] Generating unique operation named: listVetsUsingPOST_1
2021-03-29 16:53:02,750 INFO springfox.documentation.spring.web.readers.operation.CachingOperationNameGenerator [restartedMain] Generating unique operation named: listVetsUsingPUT_1
2021-03-29 16:53:02,751 INFO springfox.documentation.spring.web.readers.operation.CachingOperationNameGenerator [restartedMain] Generating unique operation named: listVetsUsingPATCH_1
2021-03-29 16:53:02,752 INFO springfox.documentation.spring.web.readers.operation.CachingOperationNameGenerator [restartedMain] Generating unique operation named: listVetsUsingDELETE_1
2021-03-29 16:53:02,752 INFO springfox.documentation.spring.web.readers.operation.CachingOperationNameGenerator [restartedMain] Generating unique operation named: listVetsUsingOPTIONS_1
2021-03-29 16:53:02,753 INFO springfox.documentation.spring.web.readers.operation.CachingOperationNameGenerator [restartedMain] Generating unique operation named: listVetsUsingTRACE_1
2021-03-29 16:53:02,754 INFO springfox.documentation.spring.web.readers.operation.CachingOperationNameGenerator [restartedMain] Generating unique operation named: listVetsUsingGET_2
2021-03-29 16:53:02,754 INFO springfox.documentation.spring.web.readers.operation.CachingOperationNameGenerator [restartedMain] Generating unique operation named: listVetsUsingHEAD_2
2021-03-29 16:53:02,755 INFO springfox.documentation.spring.web.readers.operation.CachingOperationNameGenerator [restartedMain] Generating unique operation named: listVetsUsingPOST_2
2021-03-29 16:53:02,756 INFO springfox.documentation.spring.web.readers.operation.CachingOperationNameGenerator [restartedMain] Generating unique operation named: listVetsUsingPUT_2
2021-03-29 16:53:02,756 INFO springfox.documentation.spring.web.readers.operation.CachingOperationNameGenerator [restartedMain] Generating unique operation named: listVetsUsingPATCH_2
2021-03-29 16:53:02,757 INFO springfox.documentation.spring.web.readers.operation.CachingOperationNameGenerator [restartedMain] Generating unique operation named: listVetsUsingDELETE_2
2021-03-29 16:53:02,758 INFO springfox.documentation.spring.web.readers.operation.CachingOperationNameGenerator [restartedMain] Generating unique operation named: listVetsUsingOPTIONS_2
2021-03-29 16:53:02,759 INFO springfox.documentation.spring.web.readers.operation.CachingOperationNameGenerator [restartedMain] Generating unique operation named: listVetsUsingTRACE_2
2021-03-29 16:53:02,759 INFO springfox.documentation.spring.web.readers.operation.CachingOperationNameGenerator [restartedMain] Generating unique operation named: listVetsUsingGET_3
2021-03-29 16:53:02,761 INFO springfox.documentation.spring.web.readers.operation.CachingOperationNameGenerator [restartedMain] Generating unique operation named: listVetsUsingHEAD_3
2021-03-29 16:53:02,761 INFO springfox.documentation.spring.web.readers.operation.CachingOperationNameGenerator [restartedMain] Generating unique operation named: listVetsUsingPOST_3
2021-03-29 16:53:02,762 INFO springfox.documentation.spring.web.readers.operation.CachingOperationNameGenerator [restartedMain] Generating unique operation named: listVetsUsingPUT_3
2021-03-29 16:53:02,763 INFO springfox.documentation.spring.web.readers.operation.CachingOperationNameGenerator [restartedMain] Generating unique operation named: listVetsUsingPATCH_3
2021-03-29 16:53:02,763 INFO springfox.documentation.spring.web.readers.operation.CachingOperationNameGenerator [restartedMain] Generating unique operation named: listVetsUsingDELETE_3
2021-03-29 16:53:02,764 INFO springfox.documentation.spring.web.readers.operation.CachingOperationNameGenerator [restartedMain] Generating unique operation named: listVetsUsingOPTIONS_3
2021-03-29 16:53:02,764 INFO springfox.documentation.spring.web.readers.operation.CachingOperationNameGenerator [restartedMain] Generating unique operation named: listVetsUsingTRACE_3
2021-03-29 16:53:02,786 INFO org.apache.juli.logging.DirectJDKLog [restartedMain] Starting ProtocolHandler ["http-nio-8080"]
2021-03-29 16:53:02,789 INFO org.springframework.boot.web.embedded.tomcat.TomcatWebServer [restartedMain] Tomcat started on port(s): 8080 (http) with context path ''
2021-03-29 16:53:02,790 INFO org.springframework.boot.StartupInfoLogger [restartedMain] Started AnimalClinicApplication in 3.563 seconds (JVM running for 87.581)
2021-03-29 16:53:02,795 INFO org.hibernate.hql.internal.QueryTranslatorFactoryInitiator [restartedMain] HHH000397: Using ASTQueryTranslatorFactory
2021-03-29 16:53:02,864 INFO org.springframework.boot.devtools.autoconfigure.ConditionEvaluationDeltaLoggingListener [restartedMain] Condition evaluation unchanged
2021-03-29 16:53:36,282 INFO org.springframework.scheduling.concurrent.ExecutorConfigurationSupport [Thread-10] Shutting down ExecutorService 'applicationTaskExecutor'
2021-03-29 16:53:36,294 INFO org.springframework.orm.jpa.AbstractEntityManagerFactoryBean [Thread-10] Closing JPA EntityManagerFactory for persistence unit 'default'
2021-03-29 16:53:36,296 INFO org.hibernate.tool.schema.internal.SchemaDropperImpl$DelayedDropActionImpl [Thread-10] HHH000477: Starting delayed evictData of schema as part of SessionFactory shut-down'
2021-03-29 16:53:36,298 ERROR org.hibernate.tool.schema.internal.SchemaDropperImpl$DelayedDropActionImpl [Thread-10] HHH000478: Unsuccessful: drop table owners if exists
2021-03-29 16:53:36,298 ERROR org.hibernate.tool.schema.internal.SchemaDropperImpl$DelayedDropActionImpl [Thread-10] HHH000478: Unsuccessful: drop table pets if exists
2021-03-29 16:53:36,300 ERROR org.hibernate.tool.schema.internal.SchemaDropperImpl$DelayedDropActionImpl [Thread-10] HHH000478: Unsuccessful: drop table specialties if exists
2021-03-29 16:53:36,300 ERROR org.hibernate.tool.schema.internal.SchemaDropperImpl$DelayedDropActionImpl [Thread-10] HHH000478: Unsuccessful: drop table types if exists
2021-03-29 16:53:36,301 ERROR org.hibernate.tool.schema.internal.SchemaDropperImpl$DelayedDropActionImpl [Thread-10] HHH000478: Unsuccessful: drop table user if exists
2021-03-29 16:53:36,524 WARN org.springframework.beans.factory.support.DisposableBeanAdapter [Thread-10] Invocation of destroy method failed on bean with name 'inMemoryDatabaseShutdownExecutor': org.h2.jdbc.JdbcSQLNonTransientConnectionException: Database is already closed (to disable automatic closing at VM shutdown, add ";DB_CLOSE_ON_EXIT=FALSE" to the db URL) [90121-200]
2021-03-29 16:53:36,524 INFO com.zaxxer.hikari.HikariDataSource [Thread-10] HikariPool-2 - Shutdown initiated...
2021-03-29 16:53:36,525 INFO com.zaxxer.hikari.HikariDataSource [Thread-10] HikariPool-2 - Shutdown completed.
